2020-10-15 19:24:32||INFO ||com.creation.ruban.RubanApplication:55||Starting RubanApplication on bogon with PID 20134 (/Users/didi/IdeaProjects/Ruban/ruban-backend/target/classes started by didi in /Users/didi/IdeaProjects)
2020-10-15 19:24:32||INFO ||com.creation.ruban.RubanApplication:651||No active profile set, falling back to default profiles: default
2020-10-15 19:24:32||INFO ||o.s.b.d.e.DevToolsPropertyDefaultsPostProcessor:225||Devtools property defaults active! Set 'spring.devtools.add-properties' to 'false' to disable
2020-10-15 19:24:32||INFO ||o.s.b.d.e.DevToolsPropertyDefaultsPostProcessor:225||For additional web related logging consider setting the 'logging.level.web' property to 'DEBUG'
2020-10-15 19:24:33||INFO ||o.s.d.r.c.RepositoryConfigurationDelegate:249||Multiple Spring Data modules found, entering strict repository configuration mode!
2020-10-15 19:24:33||INFO ||o.s.d.r.c.RepositoryConfigurationDelegate:127||Bootstrapping Spring Data Redis repositories in DEFAULT mode.
2020-10-15 19:24:33||INFO ||o.s.d.r.c.RepositoryConfigurationDelegate:187||Finished Spring Data repository scanning in 8ms. Found 0 Redis repository interfaces.
2020-10-15 19:24:34||INFO ||o.s.b.w.e.tomcat.TomcatWebServer:108||Tomcat initialized with port(s): 8000 (http)
2020-10-15 19:24:34||INFO ||o.a.coyote.http11.Http11NioProtocol:173||Initializing ProtocolHandler ["http-nio-8000"]
2020-10-15 19:24:34||INFO ||o.a.catalina.core.StandardService:173||Starting service [Tomcat]
2020-10-15 19:24:34||INFO ||o.a.catalina.core.StandardEngine:173||Starting Servlet engine: [Apache Tomcat/9.0.38]
2020-10-15 19:24:34||INFO ||o.a.c.c.C.[Tomcat].[localhost].[/]:173||Initializing Spring embedded WebApplicationContext
2020-10-15 19:24:34||INFO ||o.s.b.w.s.c.ServletWebServerApplicationContext:285||Root WebApplicationContext: initialization completed in 2062 ms
2020-10-15 19:24:34||INFO ||o.s.s.c.ThreadPoolTaskExecutor:181||Initializing ExecutorService 'applicationTaskExecutor'
2020-10-15 19:24:35||INFO ||o.s.b.d.a.OptionalLiveReloadServer:58||LiveReload server is running on port 35729
2020-10-15 19:24:35||INFO ||o.a.coyote.http11.Http11NioProtocol:173||Starting ProtocolHandler ["http-nio-8000"]
2020-10-15 19:24:35||INFO ||o.s.b.w.e.tomcat.TomcatWebServer:220||Tomcat started on port(s): 8000 (http) with context path ''
2020-10-15 19:24:35||INFO ||com.creation.ruban.RubanApplication:61||Started RubanApplication in 4.206 seconds (JVM running for 5.099)
2020-10-15 19:25:21||INFO ||o.a.c.c.C.[Tomcat].[localhost].[/]:173||Initializing Spring DispatcherServlet 'dispatcherServlet'
2020-10-15 19:25:21||INFO ||o.s.web.servlet.DispatcherServlet:525||Initializing Servlet 'dispatcherServlet'
2020-10-15 19:25:21||INFO ||o.s.web.servlet.DispatcherServlet:547||Completed initialization in 14 ms
2020-10-15 19:27:22||INFO ||o.s.s.c.ThreadPoolTaskExecutor:218||Shutting down ExecutorService 'applicationTaskExecutor'
2020-10-15 19:27:28||INFO ||com.creation.ruban.RubanApplication:55||Starting RubanApplication on bogon with PID 20370 (/Users/didi/IdeaProjects/Ruban/ruban-backend/target/classes started by didi in /Users/didi/IdeaProjects)
2020-10-15 19:27:28||INFO ||com.creation.ruban.RubanApplication:651||No active profile set, falling back to default profiles: default
2020-10-15 19:27:28||INFO ||o.s.b.d.e.DevToolsPropertyDefaultsPostProcessor:225||Devtools property defaults active! Set 'spring.devtools.add-properties' to 'false' to disable
2020-10-15 19:27:28||INFO ||o.s.b.d.e.DevToolsPropertyDefaultsPostProcessor:225||For additional web related logging consider setting the 'logging.level.web' property to 'DEBUG'
2020-10-15 19:27:30||INFO ||o.s.d.r.c.RepositoryConfigurationDelegate:249||Multiple Spring Data modules found, entering strict repository configuration mode!
2020-10-15 19:27:30||INFO ||o.s.d.r.c.RepositoryConfigurationDelegate:127||Bootstrapping Spring Data Redis repositories in DEFAULT mode.
2020-10-15 19:27:30||INFO ||o.s.d.r.c.RepositoryConfigurationDelegate:187||Finished Spring Data repository scanning in 12ms. Found 0 Redis repository interfaces.
2020-10-15 19:27:30||INFO ||o.s.b.w.e.tomcat.TomcatWebServer:108||Tomcat initialized with port(s): 8000 (http)
2020-10-15 19:27:30||INFO ||o.a.coyote.http11.Http11NioProtocol:173||Initializing ProtocolHandler ["http-nio-8000"]
2020-10-15 19:27:30||INFO ||o.a.catalina.core.StandardService:173||Starting service [Tomcat]
2020-10-15 19:27:30||INFO ||o.a.catalina.core.StandardEngine:173||Starting Servlet engine: [Apache Tomcat/9.0.38]
2020-10-15 19:27:31||INFO ||o.a.c.c.C.[Tomcat].[localhost].[/]:173||Initializing Spring embedded WebApplicationContext
2020-10-15 19:27:31||INFO ||o.s.b.w.s.c.ServletWebServerApplicationContext:285||Root WebApplicationContext: initialization completed in 2646 ms
2020-10-15 19:27:31||INFO ||o.s.s.c.ThreadPoolTaskExecutor:181||Initializing ExecutorService 'applicationTaskExecutor'
2020-10-15 19:27:32||INFO ||o.s.b.d.a.OptionalLiveReloadServer:58||LiveReload server is running on port 35729
2020-10-15 19:27:32||INFO ||o.a.coyote.http11.Http11NioProtocol:173||Starting ProtocolHandler ["http-nio-8000"]
2020-10-15 19:27:32||INFO ||o.s.b.w.e.tomcat.TomcatWebServer:220||Tomcat started on port(s): 8000 (http) with context path ''
2020-10-15 19:27:32||INFO ||com.creation.ruban.RubanApplication:61||Started RubanApplication in 4.721 seconds (JVM running for 5.449)
2020-10-15 19:27:36||INFO ||o.a.c.c.C.[Tomcat].[localhost].[/]:173||Initializing Spring DispatcherServlet 'dispatcherServlet'
2020-10-15 19:27:36||INFO ||o.s.web.servlet.DispatcherServlet:525||Initializing Servlet 'dispatcherServlet'
2020-10-15 19:27:36||INFO ||o.s.web.servlet.DispatcherServlet:547||Completed initialization in 7 ms
